
*** Running vivado
    with args -log sumador_fin.vds -m64 -product Vivado -mode batch -messageDb vivado.pb -notrace -source sumador_fin.tcl



****** Vivado v2025.1 (64-bit)
  **** SW Build 6140274 on Thu May 22 00:12:29 MDT 2025
  **** IP Build 6138677 on Thu May 22 03:10:11 MDT 2025
  **** SharedData Build 6139179 on Tue May 20 17:58:58 MDT 2025
  **** Start of session at: Wed Sep 17 00:40:57 2025
    ** Copyright 1986-2022 Xilinx, Inc. All Rights Reserved.
    ** Copyright 2022-2025 Advanced Micro Devices, Inc. All Rights Reserved.

source sumador_fin.tcl -notrace
create_project: Time (s): cpu = 00:00:14 ; elapsed = 00:00:10 . Memory (MB): peak = 494.930 ; gain = 211.863
Command: synth_design -top sumador_fin -part xc7a35tcpg236-1
Starting synth_design
Attempting to get a license for feature 'Synthesis' and/or device 'xc7a35t'
INFO: [Common 17-349] Got license for feature 'Synthesis' and/or device 'xc7a35t'
INFO: [Synth 8-7079] Multithreading enabled for synth_design using a maximum of 2 processes.
INFO: [Synth 8-7078] Launching helper process for spawning children vivado processes
INFO: [Synth 8-7075] Helper process launched with PID 19700
---------------------------------------------------------------------------------
Starting Synthesize : Time (s): cpu = 00:00:11 ; elapsed = 00:00:13 . Memory (MB): peak = 999.047 ; gain = 500.145
---------------------------------------------------------------------------------
INFO: [Synth 8-11241] undeclared symbol 'small_aligned', assumed default net type 'wire' [C:/Users/Admin/OneDrive/Documents/sistemas digitales/puntoflot/puntoflot.srcs/sources_1/new/sumador_fin.sv:13]
INFO: [Synth 8-11241] undeclared symbol 'bign', assumed default net type 'wire' [C:/Users/Admin/OneDrive/Documents/sistemas digitales/puntoflot/puntoflot.srcs/sources_1/new/sumador_fin.sv:13]
INFO: [Synth 8-6157] synthesizing module 'sumador_fin' [C:/Users/Admin/OneDrive/Documents/sistemas digitales/puntoflot/puntoflot.srcs/sources_1/new/sumador_fin.sv:5]
INFO: [Synth 8-6157] synthesizing module 'sotr' [C:/Users/Admin/OneDrive/Documents/sistemas digitales/puntoflot/puntoflot.srcs/sources_1/new/sotr.sv:5]
INFO: [Synth 8-6155] done synthesizing module 'sotr' (0#1) [C:/Users/Admin/OneDrive/Documents/sistemas digitales/puntoflot/puntoflot.srcs/sources_1/new/sotr.sv:5]
INFO: [Synth 8-6157] synthesizing module 'align' [C:/Users/Admin/OneDrive/Documents/sistemas digitales/puntoflot/puntoflot.srcs/sources_1/new/align.sv:5]
INFO: [Synth 8-6155] done synthesizing module 'align' (0#1) [C:/Users/Admin/OneDrive/Documents/sistemas digitales/puntoflot/puntoflot.srcs/sources_1/new/align.sv:5]
WARNING: [Synth 8-689] width (1) of port connection 'alineo' does not match port width (13) of module 'align' [C:/Users/Admin/OneDrive/Documents/sistemas digitales/puntoflot/puntoflot.srcs/sources_1/new/sumador_fin.sv:13]
INFO: [Synth 8-6157] synthesizing module 'sum_mod' [C:/Users/Admin/OneDrive/Documents/sistemas digitales/puntoflot/puntoflot.srcs/sources_1/new/sum_mod.sv:5]
INFO: [Synth 8-6155] done synthesizing module 'sum_mod' (0#1) [C:/Users/Admin/OneDrive/Documents/sistemas digitales/puntoflot/puntoflot.srcs/sources_1/new/sum_mod.sv:5]
INFO: [Synth 8-6157] synthesizing module 'norm' [C:/Users/Admin/OneDrive/Documents/sistemas digitales/puntoflot/puntoflot.srcs/sources_1/new/norm.sv:6]
INFO: [Synth 8-6157] synthesizing module 'lead' [C:/Users/Admin/OneDrive/Documents/sistemas digitales/puntoflot/puntoflot.srcs/sources_1/new/lead.sv:3]
INFO: [Synth 8-6155] done synthesizing module 'lead' (0#1) [C:/Users/Admin/OneDrive/Documents/sistemas digitales/puntoflot/puntoflot.srcs/sources_1/new/lead.sv:3]
INFO: [Synth 8-6155] done synthesizing module 'norm' (0#1) [C:/Users/Admin/OneDrive/Documents/sistemas digitales/puntoflot/puntoflot.srcs/sources_1/new/norm.sv:6]
INFO: [Synth 8-6155] done synthesizing module 'sumador_fin' (0#1) [C:/Users/Admin/OneDrive/Documents/sistemas digitales/puntoflot/puntoflot.srcs/sources_1/new/sumador_fin.sv:5]
WARNING: [Synth 8-3848] Net alineo[signo] in module/entity align does not have driver. [C:/Users/Admin/OneDrive/Documents/sistemas digitales/puntoflot/puntoflot.srcs/sources_1/new/align.sv:8]
WARNING: [Synth 8-3848] Net np_a[signo] in module/entity sumador_fin does not have driver. [C:/Users/Admin/OneDrive/Documents/sistemas digitales/puntoflot/puntoflot.srcs/sources_1/new/sumador_fin.sv:9]
WARNING: [Synth 8-3848] Net np_a[expon] in module/entity sumador_fin does not have driver. [C:/Users/Admin/OneDrive/Documents/sistemas digitales/puntoflot/puntoflot.srcs/sources_1/new/sumador_fin.sv:9]
WARNING: [Synth 8-3848] Net np_a[frac] in module/entity sumador_fin does not have driver. [C:/Users/Admin/OneDrive/Documents/sistemas digitales/puntoflot/puntoflot.srcs/sources_1/new/sumador_fin.sv:9]
WARNING: [Synth 8-3848] Net bign in module/entity sumador_fin does not have driver. [C:/Users/Admin/OneDrive/Documents/sistemas digitales/puntoflot/puntoflot.srcs/sources_1/new/sumador_fin.sv:13]
WARNING: [Synth 8-7129] Port num[0] in module lead is either unconnected or has no load
WARNING: [Synth 8-7129] Port ng[expon][3] in module sum_mod is either unconnected or has no load
WARNING: [Synth 8-7129] Port ng[expon][2] in module sum_mod is either unconnected or has no load
WARNING: [Synth 8-7129] Port ng[expon][1] in module sum_mod is either unconnected or has no load
WARNING: [Synth 8-7129] Port ng[expon][0] in module sum_mod is either unconnected or has no load
WARNING: [Synth 8-7129] Port np[expon][3] in module sum_mod is either unconnected or has no load
WARNING: [Synth 8-7129] Port np[expon][2] in module sum_mod is either unconnected or has no load
WARNING: [Synth 8-7129] Port np[expon][1] in module sum_mod is either unconnected or has no load
WARNING: [Synth 8-7129] Port np[expon][0] in module sum_mod is either unconnected or has no load
WARNING: [Synth 8-7129] Port alineo[signo] in module align is either unconnected or has no load
WARNING: [Synth 8-7129] Port ng[signo] in module align is either unconnected or has no load
WARNING: [Synth 8-7129] Port ng[frac][7] in module align is either unconnected or has no load
WARNING: [Synth 8-7129] Port ng[frac][6] in module align is either unconnected or has no load
WARNING: [Synth 8-7129] Port ng[frac][5] in module align is either unconnected or has no load
WARNING: [Synth 8-7129] Port ng[frac][4] in module align is either unconnected or has no load
WARNING: [Synth 8-7129] Port ng[frac][3] in module align is either unconnected or has no load
WARNING: [Synth 8-7129] Port ng[frac][2] in module align is either unconnected or has no load
WARNING: [Synth 8-7129] Port ng[frac][1] in module align is either unconnected or has no load
WARNING: [Synth 8-7129] Port ng[frac][0] in module align is either unconnected or has no load
WARNING: [Synth 8-7129] Port np[signo] in module align is either unconnected or has no load
---------------------------------------------------------------------------------
Finished Synthesize : Time (s): cpu = 00:00:15 ; elapsed = 00:00:17 . Memory (MB): peak = 1105.508 ; gain = 606.605
---------------------------------------------------------------------------------
---------------------------------------------------------------------------------
Finished Constraint Validation : Time (s): cpu = 00:00:16 ; elapsed = 00:00:19 . Memory (MB): peak = 1105.508 ; gain = 606.605
---------------------------------------------------------------------------------
---------------------------------------------------------------------------------
Start Loading Part and Timing Information
---------------------------------------------------------------------------------
Loading part: xc7a35tcpg236-1
---------------------------------------------------------------------------------
INFO: [Device 21-403] Loading part xc7a35tcpg236-1
Finished Loading Part and Timing Information : Time (s): cpu = 00:00:16 ; elapsed = 00:00:19 . Memory (MB): peak = 1105.508 ; gain = 606.605
---------------------------------------------------------------------------------
---------------------------------------------------------------------------------
Finished RTL Optimization Phase 2 : Time (s): cpu = 00:00:16 ; elapsed = 00:00:19 . Memory (MB): peak = 1105.508 ; gain = 606.605
---------------------------------------------------------------------------------
No constraint files found.
---------------------------------------------------------------------------------
Start RTL Component Statistics 
---------------------------------------------------------------------------------
Detailed RTL Component Info : 
+---Adders : 
	   3 Input    9 Bit       Adders := 1     
	   3 Input    4 Bit       Adders := 2     
	   2 Input    4 Bit       Adders := 1     
+---Muxes : 
	   2 Input    9 Bit        Muxes := 1     
	   2 Input    8 Bit        Muxes := 4     
	   2 Input    4 Bit        Muxes := 4     
	   2 Input    1 Bit        Muxes := 2     
---------------------------------------------------------------------------------
Finished RTL Component Statistics 
---------------------------------------------------------------------------------
---------------------------------------------------------------------------------
Start Part Resource Summary
---------------------------------------------------------------------------------
Part Resources:
DSPs: 90 (col length:60)
BRAMs: 100 (col length: RAMB18 60 RAMB36 30)
---------------------------------------------------------------------------------
Finished Part Resource Summary
---------------------------------------------------------------------------------
No constraint files found.
---------------------------------------------------------------------------------
Start Cross Boundary and Area Optimization
---------------------------------------------------------------------------------
WARNING: [Synth 8-7080] Parallel synthesis criteria is not met
---------------------------------------------------------------------------------
Finished Cross Boundary and Area Optimization : Time (s): cpu = 00:00:25 ; elapsed = 00:00:46 . Memory (MB): peak = 1302.781 ; gain = 803.879
---------------------------------------------------------------------------------
No constraint files found.
---------------------------------------------------------------------------------
Start Timing Optimization
---------------------------------------------------------------------------------
---------------------------------------------------------------------------------
Finished Timing Optimization : Time (s): cpu = 00:00:25 ; elapsed = 00:00:46 . Memory (MB): peak = 1302.781 ; gain = 803.879
---------------------------------------------------------------------------------
---------------------------------------------------------------------------------
Start Technology Mapping
---------------------------------------------------------------------------------
---------------------------------------------------------------------------------
Finished Technology Mapping : Time (s): cpu = 00:00:25 ; elapsed = 00:00:46 . Memory (MB): peak = 1302.781 ; gain = 803.879
---------------------------------------------------------------------------------
---------------------------------------------------------------------------------
Start IO Insertion
---------------------------------------------------------------------------------
---------------------------------------------------------------------------------
Start Flattening Before IO Insertion
---------------------------------------------------------------------------------
---------------------------------------------------------------------------------
Finished Flattening Before IO Insertion
---------------------------------------------------------------------------------
---------------------------------------------------------------------------------
Start Final Netlist Cleanup
---------------------------------------------------------------------------------
---------------------------------------------------------------------------------
Finished Final Netlist Cleanup
---------------------------------------------------------------------------------
---------------------------------------------------------------------------------
Finished IO Insertion : Time (s): cpu = 00:00:35 ; elapsed = 00:00:57 . Memory (MB): peak = 1517.496 ; gain = 1018.594
---------------------------------------------------------------------------------
---------------------------------------------------------------------------------
Start Renaming Generated Instances
---------------------------------------------------------------------------------
---------------------------------------------------------------------------------
Finished Renaming Generated Instances : Time (s): cpu = 00:00:35 ; elapsed = 00:00:57 . Memory (MB): peak = 1517.496 ; gain = 1018.594
---------------------------------------------------------------------------------
---------------------------------------------------------------------------------
Start Rebuilding User Hierarchy
---------------------------------------------------------------------------------
---------------------------------------------------------------------------------
Finished Rebuilding User Hierarchy : Time (s): cpu = 00:00:35 ; elapsed = 00:00:57 . Memory (MB): peak = 1517.496 ; gain = 1018.594
---------------------------------------------------------------------------------
---------------------------------------------------------------------------------
Start Renaming Generated Ports
---------------------------------------------------------------------------------
---------------------------------------------------------------------------------
Finished Renaming Generated Ports : Time (s): cpu = 00:00:35 ; elapsed = 00:00:57 . Memory (MB): peak = 1517.496 ; gain = 1018.594
---------------------------------------------------------------------------------
---------------------------------------------------------------------------------
Start Handling Custom Attributes
---------------------------------------------------------------------------------
---------------------------------------------------------------------------------
Finished Handling Custom Attributes : Time (s): cpu = 00:00:35 ; elapsed = 00:00:57 . Memory (MB): peak = 1517.496 ; gain = 1018.594
---------------------------------------------------------------------------------
---------------------------------------------------------------------------------
Start Renaming Generated Nets
---------------------------------------------------------------------------------
---------------------------------------------------------------------------------
Finished Renaming Generated Nets : Time (s): cpu = 00:00:35 ; elapsed = 00:00:57 . Memory (MB): peak = 1517.496 ; gain = 1018.594
---------------------------------------------------------------------------------
---------------------------------------------------------------------------------
Start Writing Synthesis Report
---------------------------------------------------------------------------------

Report BlackBoxes: 
+-+--------------+----------+
| |BlackBox name |Instances |
+-+--------------+----------+
+-+--------------+----------+

Report Cell Usage: 
+------+-------+------+
|      |Cell   |Count |
+------+-------+------+
|1     |CARRY4 |     2|
|2     |LUT3   |    14|
|3     |LUT4   |    15|
|4     |LUT5   |     9|
|5     |LUT6   |    19|
|6     |IBUF   |    26|
|7     |OBUF   |    13|
+------+-------+------+

Report Instance Areas: 
+------+---------+-------+------+
|      |Instance |Module |Cells |
+------+---------+-------+------+
|1     |top      |       |    98|
|2     |  S1     |sotr   |    59|
+------+---------+-------+------+
---------------------------------------------------------------------------------
Finished Writing Synthesis Report : Time (s): cpu = 00:00:35 ; elapsed = 00:00:57 . Memory (MB): peak = 1517.496 ; gain = 1018.594
---------------------------------------------------------------------------------
Synthesis finished with 0 errors, 0 critical warnings and 27 warnings.
Synthesis Optimization Runtime : Time (s): cpu = 00:00:35 ; elapsed = 00:00:57 . Memory (MB): peak = 1517.496 ; gain = 1018.594
Synthesis Optimization Complete : Time (s): cpu = 00:00:35 ; elapsed = 00:00:57 . Memory (MB): peak = 1517.496 ; gain = 1018.594
INFO: [Project 1-571] Translating synthesized netlist
Netlist sorting complete. Time (s): cpu = 00:00:00 ; elapsed = 00:00:00.012 . Memory (MB): peak = 1532.582 ; gain = 0.000
INFO: [Netlist 29-17] Analyzing 2 Unisim elements for replacement
INFO: [Netlist 29-28] Unisim Transformation completed in 0 CPU seconds
INFO: [Project 1-570] Preparing netlist for logic optimization
INFO: [Opt 31-138] Pushed 0 inverter(s) to 0 load pin(s).
Netlist sorting complete. Time (s): cpu = 00:00:00 ; elapsed = 00:00:00 . Memory (MB): peak = 1644.984 ; gain = 0.000
INFO: [Project 1-111] Unisim Transformation Summary:
No Unisim elements were transformed.

Synth Design complete | Checksum: 4b5a71dc
INFO: [Common 17-83] Releasing license: Synthesis
26 Infos, 27 Warnings, 0 Critical Warnings and 0 Errors encountered.
synth_design completed successfully
synth_design: Time (s): cpu = 00:00:38 ; elapsed = 00:01:04 . Memory (MB): peak = 1644.984 ; gain = 1150.055
Write ShapeDB Complete: Time (s): cpu = 00:00:00 ; elapsed = 00:00:00.024 . Memory (MB): peak = 1644.984 ; gain = 0.000
INFO: [Common 17-1381] The checkpoint 'C:/Users/Admin/OneDrive/Documents/sistemas digitales/puntoflot/puntoflot.runs/synth_1/sumador_fin.dcp' has been generated.
INFO: [Vivado 12-24828] Executing command : report_utilization -file sumador_fin_utilization_synth.rpt -pb sumador_fin_utilization_synth.pb
INFO: [Common 17-206] Exiting Vivado at Wed Sep 17 00:42:18 2025...
