Copyright 1986-2022 Xilinx, Inc. All Rights Reserved. Copyright 2022-2025 Advanced Micro Devices, Inc. All Rights Reserved.
-----------------------------------------------------------------------------------------------------------------------------------------------------------------------
| Tool Version : Vivado v.2025.1 (win64) Build 6140274 Thu May 22 00:12:29 MDT 2025
| Date         : Wed Sep 17 11:47:34 2025
| Host         : DESKTOP-P1L7F6G running 64-bit major release  (build 9200)
| Command      : report_methodology -file sumador_fin_methodology_drc_routed.rpt -pb sumador_fin_methodology_drc_routed.pb -rpx sumador_fin_methodology_drc_routed.rpx
| Design       : sumador_fin
| Device       : xc7a35tcpg236-1
| Speed File   : -1
| Design State : Fully Routed
-----------------------------------------------------------------------------------------------------------------------------------------------------------------------

Report Methodology

Table of Contents
-----------------
1. REPORT SUMMARY
2. REPORT DETAILS

1. REPORT SUMMARY
-----------------
            Netlist: netlist
          Floorplan: design_1
      Design limits: <entire design considered>
             Max checks: <unlimited>
             Checks found: 0
+------+----------+-------------+--------+
| Rule | Severity | Description | Checks |
+------+----------+-------------+--------+
+------+----------+-------------+--------+

2. REPORT DETAILS
-----------------

